<?xml version="1.0" encoding="UTF-8"?>
<!-- Generated by org.testng.reporters.JUnitReportReporter -->
<testsuite skipped="0" hostname="DESKTOP-C2M6553" name="test.LoginPageTest" tests="1" failures="0" timestamp="2020-06-09T12:12:42 ICT" time="74.148" errors="0">
  <testcase name="loginAsAdminTest" time="74.148" classname="test.LoginPageTest"/>
  <system-out/>
</testsuite> <!-- test.LoginPageTest -->
